<?xml version="1.0" encoding="UTF-8"?>
<!-- Generated by org.testng.reporters.JUnitXMLReporter -->
<testsuite ignored="4" hostname="Altea" failures="1" tests="2" name="Surefire test" time="220.458" errors="0" timestamp="2026-01-10T21:31:45 CET">
  <testcase classname="tests.EcommerceTests" name="testCheckSorting" time="142.936"/>
  <testcase classname="tests.EcommerceTests" name="testShoppingCart" time="51.492">
    <failure type="org.openqa.selenium.NoSuchElementException" message="no such element: Unable to locate element: {&amp;quot;method&amp;quot;:&amp;quot;xpath&amp;quot;,&amp;quot;selector&amp;quot;:&amp;quot;.//td[@class=&amp;apos;a-right&amp;apos;]//span[@class=&amp;apos;price&amp;apos;]&amp;quot;}
  (Session info: chrome=143.0.7499.192)
For documentation on this error, please visit: https://www.selenium.dev/documentation/webdriver/troubleshooting/errors#no-such-element-exception
Build info: version: &amp;apos;4.27.0&amp;apos;, revision: &amp;apos;d6e718d134&amp;apos;
System info: os.name: &amp;apos;Windows 11&amp;apos;, os.arch: &amp;apos;amd64&amp;apos;, os.version: &amp;apos;10.0&amp;apos;, java.version: &amp;apos;17.0.11&amp;apos;
Driver info: org.openqa.selenium.chrome.ChromeDriver
Command: [96f5c0e3186c0064793c0600c0e58de0, findChildElement {using=xpath, value=.//td[@class=&amp;apos;a-right&amp;apos;]//span[@class=&amp;apos;price&amp;apos;], id=f.DA79ABBBB3213237C790EC2870F0EACA.d.BB3CB8C58B974F9DB9E8B4543E690AB3.e.601}]
Capabilities {acceptInsecureCerts: false, browserName: chrome, browserVersion: 143.0.7499.192, chrome: {chromedriverVersion: 143.0.7499.192 (be2c1f4fd45..., userDataDir: C:\Users\USER\AppData\Local...}, fedcm:accounts: true, goog:chromeOptions: {debuggerAddress: localhost:53327}, goog:processID: 19500, networkConnectionEnabled: false, pageLoadStrategy: none, platformName: windows, proxy: Proxy(), se:cdp: ws://localhost:53327/devtoo..., se:cdpVersion: 143.0.7499.192, setWindowRect: true, strictFileInteractability: false, timeouts: {implicit: 0, pageLoad: 300000, script: 30000}, unhandledPromptBehavior: dismiss and notify, webauthn:extension:credBlob: true, webauthn:extension:largeBlob: true, webauthn:extension:minPinLength: true, webauthn:extension:prf: true, webauthn:virtualAuthenticators: true}
Session ID: 96f5c0e3186c0064793c0600c0e58de0">
      <![CDATA[org.openqa.selenium.NoSuchElementException: no such element: Unable to locate element: {"method":"xpath","selector":".//td[@class='a-right']//span[@class='price']"}
  (Session info: chrome=143.0.7499.192)
For documentation on this error, please visit: https://www.selenium.dev/documentation/webdriver/troubleshooting/errors#no-such-element-exception
Build info: version: '4.27.0', revision: 'd6e718d134'
System info: os.name: 'Windows 11', os.arch: 'amd64', os.version: '10.0', java.version: '17.0.11'
Driver info: org.openqa.selenium.chrome.ChromeDriver
Command: [96f5c0e3186c0064793c0600c0e58de0, findChildElement {using=xpath, value=.//td[@class='a-right']//span[@class='price'], id=f.DA79ABBBB3213237C790EC2870F0EACA.d.BB3CB8C58B974F9DB9E8B4543E690AB3.e.601}]
Capabilities {acceptInsecureCerts: false, browserName: chrome, browserVersion: 143.0.7499.192, chrome: {chromedriverVersion: 143.0.7499.192 (be2c1f4fd45..., userDataDir: C:\Users\USER\AppData\Local...}, fedcm:accounts: true, goog:chromeOptions: {debuggerAddress: localhost:53327}, goog:processID: 19500, networkConnectionEnabled: false, pageLoadStrategy: none, platformName: windows, proxy: Proxy(), se:cdp: ws://localhost:53327/devtoo..., se:cdpVersion: 143.0.7499.192, setWindowRect: true, strictFileInteractability: false, timeouts: {implicit: 0, pageLoad: 300000, script: 30000}, unhandledPromptBehavior: dismiss and notify, webauthn:extension:credBlob: true, webauthn:extension:largeBlob: true, webauthn:extension:minPinLength: true, webauthn:extension:prf: true, webauthn:virtualAuthenticators: true}
Session ID: 96f5c0e3186c0064793c0600c0e58de0
at org.openqa.selenium.remote.ErrorCodec.decode(ErrorCodec.java:167)
at org.openqa.selenium.remote.codec.w3c.W3CHttpResponseCodec.decode(W3CHttpResponseCodec.java:138)
at org.openqa.selenium.remote.codec.w3c.W3CHttpResponseCodec.decode(W3CHttpResponseCodec.java:50)
at org.openqa.selenium.remote.HttpCommandExecutor.execute(HttpCommandExecutor.java:190)
at org.openqa.selenium.remote.service.DriverCommandExecutor.invokeExecute(DriverCommandExecutor.java:216)
at org.openqa.selenium.remote.service.DriverCommandExecutor.execute(DriverCommandExecutor.java:174)
at org.openqa.selenium.remote.RemoteWebDriver.execute(RemoteWebDriver.java:545)
at org.openqa.selenium.remote.ElementLocation$ElementFinder$2.findElement(ElementLocation.java:165)
at org.openqa.selenium.remote.ElementLocation.findElement(ElementLocation.java:59)
at org.openqa.selenium.remote.RemoteWebDriver.findElement(RemoteWebDriver.java:368)
at org.openqa.selenium.remote.RemoteWebElement.findElement(RemoteWebElement.java:211)
at pages.ShoppingCartPage.getItemSubtotal(ShoppingCartPage.java:155)
at pages.ShoppingCartPage.calculateTotalFromItems(ShoppingCartPage.java:165)
at pages.ShoppingCartPage.verifyGrandTotalMatchesItemsSum(ShoppingCartPage.java:177)
at tests.EcommerceTests.testShoppingCart(EcommerceTests.java:701)
at java.base/java.util.ArrayList.forEach(ArrayList.java:1511)
... Removed 37 stack frames]]>
    </failure>
  </testcase> <!-- testShoppingCart -->
  <testcase classname="tests.EcommerceTests" name="testEmptyShoppingCart" time="0.0">
    <ignored/>
  </testcase> <!-- testEmptyShoppingCart -->
  <testcase classname="tests.EcommerceTests" name="testCheckSaleProductsStyle" time="0.0">
    <ignored/>
  </testcase> <!-- testCheckSaleProductsStyle -->
  <testcase classname="tests.EcommerceTests" name="testCheckPageFilters" time="0.0">
    <ignored/>
  </testcase> <!-- testCheckPageFilters -->
  <testcase classname="tests.EcommerceTests" name="testCheckHoverStyle" time="0.0">
    <ignored/>
  </testcase> <!-- testCheckHoverStyle -->
</testsuite> <!-- Surefire test -->
