<?xml version="1.0" encoding="UTF-8"?>
<!-- Generated by org.testng.reporters.JUnitXMLReporter -->
<testsuite ignored="4" hostname="Altea" failures="1" tests="2" name="Surefire test" time="214.45" errors="0" timestamp="2026-01-10T18:24:59 CET">
  <testcase classname="tests.EcommerceTests" name="testCheckSorting" time="136.191"/>
  <testcase classname="tests.EcommerceTests" name="testShoppingCart" time="64.311">
    <failure type="java.lang.AssertionError" message="Shopping cart page should be loaded expected [true] but found [false]">
      <![CDATA[java.lang.AssertionError: Shopping cart page should be loaded expected [true] but found [false]
at tests.EcommerceTests.testShoppingCart(EcommerceTests.java:628)
at java.base/java.util.ArrayList.forEach(ArrayList.java:1511)
... Removed 35 stack frames]]>
    </failure>
  </testcase> <!-- testShoppingCart -->
  <testcase classname="tests.EcommerceTests" name="testCheckSaleProductsStyle" time="0.0">
    <ignored/>
  </testcase> <!-- testCheckSaleProductsStyle -->
  <testcase classname="tests.EcommerceTests" name="testEmptyShoppingCart" time="0.0">
    <ignored/>
  </testcase> <!-- testEmptyShoppingCart -->
  <testcase classname="tests.EcommerceTests" name="testCheckPageFilters" time="0.0">
    <ignored/>
  </testcase> <!-- testCheckPageFilters -->
  <testcase classname="tests.EcommerceTests" name="testCheckHoverStyle" time="0.0">
    <ignored/>
  </testcase> <!-- testCheckHoverStyle -->
</testsuite> <!-- Surefire test -->
