<?xml version="1.0" encoding="UTF-8"?>
<testng-results ignored="0" total="8" passed="8" failed="0" skipped="0">
  <reporter-output>
  </reporter-output>
  <suite started-at="2026-01-16T10:40:48 CET" name="Tealium E-commerce Automation Test Suite" finished-at="2026-01-16T10:45:54 CET" duration-ms="305915">
    <groups>
    </groups>
    <test started-at="2026-01-16T10:40:48 CET" name="Account Tests" finished-at="2026-01-16T10:42:20 CET" duration-ms="91626">
      <class name="tests.AuthenticationTests">
        <test-method is-config="true" signature="setup(java.lang.reflect.Method)[pri:0, instance:tests.AuthenticationTests@6356695f]" started-at="2026-01-16T10:40:48 CET" name="setup" finished-at="2026-01-16T10:40:58 CET" duration-ms="9702" status="PASS">
          <params>
            <param index="0">
              <value>
                <![CDATA[public void tests.AuthenticationTests.testCreateAccount()]]>
              </value>
            </param>
          </params>
          <reporter-output>
          </reporter-output>
        </test-method> <!-- setup -->
        <test-method signature="testCreateAccount()[pri:1, instance:tests.AuthenticationTests@6356695f]" started-at="2026-01-16T10:40:58 CET" name="testCreateAccount" description="Test 1: Create an Account" finished-at="2026-01-16T10:41:36 CET" duration-ms="37833" status="PASS">
          <reporter-output>
          </reporter-output>
        </test-method> <!-- testCreateAccount -->
        <test-method is-config="true" signature="tearDown(java.lang.reflect.Method)[pri:0, instance:tests.AuthenticationTests@6356695f]" started-at="2026-01-16T10:41:36 CET" name="tearDown" finished-at="2026-01-16T10:41:36 CET" duration-ms="358" status="PASS">
          <params>
            <param index="0">
              <value>
                <![CDATA[public void tests.AuthenticationTests.testCreateAccount()]]>
              </value>
            </param>
          </params>
          <reporter-output>
          </reporter-output>
        </test-method> <!-- tearDown -->
        <test-method is-config="true" signature="setup(java.lang.reflect.Method)[pri:0, instance:tests.AuthenticationTests@6356695f]" started-at="2026-01-16T10:41:36 CET" name="setup" finished-at="2026-01-16T10:41:43 CET" duration-ms="7002" status="PASS">
          <params>
            <param index="0">
              <value>
                <![CDATA[public void tests.AuthenticationTests.testSignIn()]]>
              </value>
            </param>
          </params>
          <reporter-output>
          </reporter-output>
        </test-method> <!-- setup -->
        <test-method signature="testSignIn()[pri:2, instance:tests.AuthenticationTests@6356695f]" started-at="2026-01-16T10:41:43 CET" name="testSignIn" description="Test 2: Sign In" finished-at="2026-01-16T10:42:19 CET" duration-ms="36085" status="PASS">
          <reporter-output>
          </reporter-output>
        </test-method> <!-- testSignIn -->
        <test-method is-config="true" signature="tearDown(java.lang.reflect.Method)[pri:0, instance:tests.AuthenticationTests@6356695f]" started-at="2026-01-16T10:42:19 CET" name="tearDown" finished-at="2026-01-16T10:42:20 CET" duration-ms="572" status="PASS">
          <params>
            <param index="0">
              <value>
                <![CDATA[public void tests.AuthenticationTests.testSignIn()]]>
              </value>
            </param>
          </params>
          <reporter-output>
          </reporter-output>
        </test-method> <!-- tearDown -->
      </class> <!-- tests.AuthenticationTests -->
    </test> <!-- Account Tests -->
    <test started-at="2026-01-16T10:42:20 CET" name="E-commerce Tests" finished-at="2026-01-16T10:45:54 CET" duration-ms="214268">
      <class name="tests.EcommerceTests">
        <test-method is-config="true" signature="setupSuite()[pri:0, instance:tests.EcommerceTests@6aeb35e6]" started-at="2026-01-16T10:40:47 CET" name="setupSuite" finished-at="2026-01-16T10:40:48 CET" duration-ms="911" status="PASS">
          <reporter-output>
          </reporter-output>
        </test-method> <!-- setupSuite -->
        <test-method is-config="true" signature="setup(java.lang.reflect.Method)[pri:0, instance:tests.EcommerceTests@6aeb35e6]" started-at="2026-01-16T10:42:20 CET" name="setup" finished-at="2026-01-16T10:42:27 CET" duration-ms="7355" status="PASS">
          <params>
            <param index="0">
              <value>
                <![CDATA[public void tests.EcommerceTests.testCheckHoverStyle()]]>
              </value>
            </param>
          </params>
          <reporter-output>
          </reporter-output>
        </test-method> <!-- setup -->
        <test-method is-config="true" signature="loginBeforeEachTest(java.lang.reflect.Method)[pri:0, instance:tests.EcommerceTests@6aeb35e6]" started-at="2026-01-16T10:42:27 CET" name="loginBeforeEachTest" finished-at="2026-01-16T10:42:46 CET" depends-on-methods="tests.BaseTest.setup" duration-ms="18508" status="PASS">
          <params>
            <param index="0">
              <value>
                <![CDATA[public void tests.EcommerceTests.testCheckHoverStyle()]]>
              </value>
            </param>
          </params>
          <reporter-output>
          </reporter-output>
        </test-method> <!-- loginBeforeEachTest -->
        <test-method signature="testCheckHoverStyle()[pri:3, instance:tests.EcommerceTests@6aeb35e6]" started-at="2026-01-16T10:42:46 CET" name="testCheckHoverStyle" description="Test 3: Check hover style" finished-at="2026-01-16T10:42:48 CET" duration-ms="2197" status="PASS">
          <reporter-output>
          </reporter-output>
        </test-method> <!-- testCheckHoverStyle -->
        <test-method is-config="true" signature="tearDown(java.lang.reflect.Method)[pri:0, instance:tests.EcommerceTests@6aeb35e6]" started-at="2026-01-16T10:42:48 CET" name="tearDown" finished-at="2026-01-16T10:42:48 CET" duration-ms="432" status="PASS">
          <params>
            <param index="0">
              <value>
                <![CDATA[public void tests.EcommerceTests.testCheckHoverStyle()]]>
              </value>
            </param>
          </params>
          <reporter-output>
          </reporter-output>
        </test-method> <!-- tearDown -->
        <test-method is-config="true" signature="setup(java.lang.reflect.Method)[pri:0, instance:tests.EcommerceTests@6aeb35e6]" started-at="2026-01-16T10:42:48 CET" name="setup" finished-at="2026-01-16T10:42:55 CET" duration-ms="7108" status="PASS">
          <params>
            <param index="0">
              <value>
                <![CDATA[public void tests.EcommerceTests.testCheckSaleProductsStyle()]]>
              </value>
            </param>
          </params>
          <reporter-output>
          </reporter-output>
        </test-method> <!-- setup -->
        <test-method is-config="true" signature="loginBeforeEachTest(java.lang.reflect.Method)[pri:0, instance:tests.EcommerceTests@6aeb35e6]" started-at="2026-01-16T10:42:55 CET" name="loginBeforeEachTest" finished-at="2026-01-16T10:43:14 CET" depends-on-methods="tests.BaseTest.setup" duration-ms="18520" status="PASS">
          <params>
            <param index="0">
              <value>
                <![CDATA[public void tests.EcommerceTests.testCheckSaleProductsStyle()]]>
              </value>
            </param>
          </params>
          <reporter-output>
          </reporter-output>
        </test-method> <!-- loginBeforeEachTest -->
        <test-method signature="testCheckSaleProductsStyle()[pri:4, instance:tests.EcommerceTests@6aeb35e6]" started-at="2026-01-16T10:43:14 CET" name="testCheckSaleProductsStyle" description="Test 4: Check sale products style" finished-at="2026-01-16T10:43:17 CET" duration-ms="2917" status="PASS">
          <reporter-output>
          </reporter-output>
        </test-method> <!-- testCheckSaleProductsStyle -->
        <test-method is-config="true" signature="tearDown(java.lang.reflect.Method)[pri:0, instance:tests.EcommerceTests@6aeb35e6]" started-at="2026-01-16T10:43:17 CET" name="tearDown" finished-at="2026-01-16T10:43:17 CET" duration-ms="443" status="PASS">
          <params>
            <param index="0">
              <value>
                <![CDATA[public void tests.EcommerceTests.testCheckSaleProductsStyle()]]>
              </value>
            </param>
          </params>
          <reporter-output>
          </reporter-output>
        </test-method> <!-- tearDown -->
        <test-method is-config="true" signature="setup(java.lang.reflect.Method)[pri:0, instance:tests.EcommerceTests@6aeb35e6]" started-at="2026-01-16T10:43:17 CET" name="setup" finished-at="2026-01-16T10:43:23 CET" duration-ms="5231" status="PASS">
          <params>
            <param index="0">
              <value>
                <![CDATA[public void tests.EcommerceTests.testCheckPageFilters()]]>
              </value>
            </param>
          </params>
          <reporter-output>
          </reporter-output>
        </test-method> <!-- setup -->
        <test-method is-config="true" signature="loginBeforeEachTest(java.lang.reflect.Method)[pri:0, instance:tests.EcommerceTests@6aeb35e6]" started-at="2026-01-16T10:43:23 CET" name="loginBeforeEachTest" finished-at="2026-01-16T10:43:40 CET" depends-on-methods="tests.BaseTest.setup" duration-ms="17937" status="PASS">
          <params>
            <param index="0">
              <value>
                <![CDATA[public void tests.EcommerceTests.testCheckPageFilters()]]>
              </value>
            </param>
          </params>
          <reporter-output>
          </reporter-output>
        </test-method> <!-- loginBeforeEachTest -->
        <test-method signature="testCheckPageFilters()[pri:5, instance:tests.EcommerceTests@6aeb35e6]" started-at="2026-01-16T10:43:40 CET" name="testCheckPageFilters" description="Test 5: Check page filters" finished-at="2026-01-16T10:44:01 CET" duration-ms="20165" status="PASS">
          <reporter-output>
          </reporter-output>
        </test-method> <!-- testCheckPageFilters -->
        <test-method is-config="true" signature="tearDown(java.lang.reflect.Method)[pri:0, instance:tests.EcommerceTests@6aeb35e6]" started-at="2026-01-16T10:44:01 CET" name="tearDown" finished-at="2026-01-16T10:44:01 CET" duration-ms="361" status="PASS">
          <params>
            <param index="0">
              <value>
                <![CDATA[public void tests.EcommerceTests.testCheckPageFilters()]]>
              </value>
            </param>
          </params>
          <reporter-output>
          </reporter-output>
        </test-method> <!-- tearDown -->
        <test-method is-config="true" signature="setup(java.lang.reflect.Method)[pri:0, instance:tests.EcommerceTests@6aeb35e6]" started-at="2026-01-16T10:44:01 CET" name="setup" finished-at="2026-01-16T10:44:08 CET" duration-ms="7181" status="PASS">
          <params>
            <param index="0">
              <value>
                <![CDATA[public void tests.EcommerceTests.testCheckSorting()]]>
              </value>
            </param>
          </params>
          <reporter-output>
          </reporter-output>
        </test-method> <!-- setup -->
        <test-method is-config="true" signature="loginBeforeEachTest(java.lang.reflect.Method)[pri:0, instance:tests.EcommerceTests@6aeb35e6]" started-at="2026-01-16T10:44:08 CET" name="loginBeforeEachTest" finished-at="2026-01-16T10:44:27 CET" depends-on-methods="tests.BaseTest.setup" duration-ms="18661" status="PASS">
          <params>
            <param index="0">
              <value>
                <![CDATA[public void tests.EcommerceTests.testCheckSorting()]]>
              </value>
            </param>
          </params>
          <reporter-output>
          </reporter-output>
        </test-method> <!-- loginBeforeEachTest -->
        <test-method signature="testCheckSorting()[pri:6, instance:tests.EcommerceTests@6aeb35e6]" started-at="2026-01-16T10:44:27 CET" name="testCheckSorting" description="Test 6: Check Sorting" finished-at="2026-01-16T10:45:42 CET" duration-ms="75525" status="PASS">
          <reporter-output>
          </reporter-output>
        </test-method> <!-- testCheckSorting -->
        <test-method is-config="true" signature="tearDown(java.lang.reflect.Method)[pri:0, instance:tests.EcommerceTests@6aeb35e6]" started-at="2026-01-16T10:45:42 CET" name="tearDown" finished-at="2026-01-16T10:45:42 CET" duration-ms="1" status="PASS">
          <params>
            <param index="0">
              <value>
                <![CDATA[public void tests.EcommerceTests.testCheckSorting()]]>
              </value>
            </param>
          </params>
          <reporter-output>
          </reporter-output>
        </test-method> <!-- tearDown -->
        <test-method is-config="true" signature="loginBeforeEachTest(java.lang.reflect.Method)[pri:0, instance:tests.EcommerceTests@6aeb35e6]" started-at="2026-01-16T10:45:42 CET" name="loginBeforeEachTest" finished-at="2026-01-16T10:45:42 CET" depends-on-methods="tests.BaseTest.setup" duration-ms="1" status="PASS">
          <params>
            <param index="0">
              <value>
                <![CDATA[public void tests.EcommerceTests.testShoppingCart()]]>
              </value>
            </param>
          </params>
          <reporter-output>
          </reporter-output>
        </test-method> <!-- loginBeforeEachTest -->
        <test-method is-config="true" signature="setup(java.lang.reflect.Method)[pri:0, instance:tests.EcommerceTests@6aeb35e6]" started-at="2026-01-16T10:45:42 CET" name="setup" finished-at="2026-01-16T10:45:42 CET" duration-ms="0" status="PASS">
          <params>
            <param index="0">
              <value>
                <![CDATA[public void tests.EcommerceTests.testShoppingCart()]]>
              </value>
            </param>
          </params>
          <reporter-output>
          </reporter-output>
        </test-method> <!-- setup -->
        <test-method signature="testShoppingCart()[pri:7, instance:tests.EcommerceTests@6aeb35e6]" started-at="2026-01-16T10:45:42 CET" name="testShoppingCart" description="Test 7: Shopping Cart test" finished-at="2026-01-16T10:45:48 CET" depends-on-methods="tests.EcommerceTests.testCheckSorting" duration-ms="6026" status="PASS">
          <reporter-output>
          </reporter-output>
        </test-method> <!-- testShoppingCart -->
        <test-method is-config="true" signature="tearDown(java.lang.reflect.Method)[pri:0, instance:tests.EcommerceTests@6aeb35e6]" started-at="2026-01-16T10:45:48 CET" name="tearDown" finished-at="2026-01-16T10:45:48 CET" duration-ms="0" status="PASS">
          <params>
            <param index="0">
              <value>
                <![CDATA[public void tests.EcommerceTests.testShoppingCart()]]>
              </value>
            </param>
          </params>
          <reporter-output>
          </reporter-output>
        </test-method> <!-- tearDown -->
        <test-method is-config="true" signature="setup(java.lang.reflect.Method)[pri:0, instance:tests.EcommerceTests@6aeb35e6]" started-at="2026-01-16T10:45:48 CET" name="setup" finished-at="2026-01-16T10:45:48 CET" duration-ms="1" status="PASS">
          <params>
            <param index="0">
              <value>
                <![CDATA[public void tests.EcommerceTests.testEmptyShoppingCart()]]>
              </value>
            </param>
          </params>
          <reporter-output>
          </reporter-output>
        </test-method> <!-- setup -->
        <test-method is-config="true" signature="loginBeforeEachTest(java.lang.reflect.Method)[pri:0, instance:tests.EcommerceTests@6aeb35e6]" started-at="2026-01-16T10:45:48 CET" name="loginBeforeEachTest" finished-at="2026-01-16T10:45:48 CET" depends-on-methods="tests.BaseTest.setup" duration-ms="0" status="PASS">
          <params>
            <param index="0">
              <value>
                <![CDATA[public void tests.EcommerceTests.testEmptyShoppingCart()]]>
              </value>
            </param>
          </params>
          <reporter-output>
          </reporter-output>
        </test-method> <!-- loginBeforeEachTest -->
        <test-method signature="testEmptyShoppingCart()[pri:8, instance:tests.EcommerceTests@6aeb35e6]" started-at="2026-01-16T10:45:48 CET" name="testEmptyShoppingCart" description="Test 8: Empty Shopping Cart Test" finished-at="2026-01-16T10:45:54 CET" depends-on-methods="tests.EcommerceTests.testShoppingCart" duration-ms="5374" status="PASS">
          <reporter-output>
          </reporter-output>
        </test-method> <!-- testEmptyShoppingCart -->
        <test-method is-config="true" signature="tearDown(java.lang.reflect.Method)[pri:0, instance:tests.EcommerceTests@6aeb35e6]" started-at="2026-01-16T10:45:54 CET" name="tearDown" finished-at="2026-01-16T10:45:54 CET" duration-ms="301" status="PASS">
          <params>
            <param index="0">
              <value>
                <![CDATA[public void tests.EcommerceTests.testEmptyShoppingCart()]]>
              </value>
            </param>
          </params>
          <reporter-output>
          </reporter-output>
        </test-method> <!-- tearDown -->
        <test-method is-config="true" signature="tearDownSuite()[pri:0, instance:tests.EcommerceTests@6aeb35e6]" started-at="2026-01-16T10:45:54 CET" name="tearDownSuite" finished-at="2026-01-16T10:45:55 CET" duration-ms="731" status="PASS">
          <reporter-output>
          </reporter-output>
        </test-method> <!-- tearDownSuite -->
      </class> <!-- tests.EcommerceTests -->
    </test> <!-- E-commerce Tests -->
  </suite> <!-- Tealium E-commerce Automation Test Suite -->
</testng-results>
