<?xml version="1.0" encoding="UTF-8"?>
<testsuite xmlns:xsi="http://www.w3.org/2001/XMLSchema-instance" xsi:noNamespaceSchemaLocation="https://maven.apache.org/surefire/maven-surefire-plugin/xsd/surefire-test-report-3.0.xsd" version="3.0" name="TestSuite" time="309.762" tests="8" errors="0" skipped="0" failures="0">
  <properties>
[...]
</properties>
  <testcase name="testCreateAccount" classname="tests.AuthenticationTests" time="37.827">
    <system-out><![CDATA[
[SETUP] Starting setup for: testCreateAccount
[SETUP] Completed setup for: testCreateAccount (took 9690ms)


TEST 1 STARTED: Create an Account
Description: Register a new user account

TEST 1 COMPLETED SUCCESSFULLY

]]></system-out>
    <system-err><![CDATA[[main] INFO io.github.bonigarcia.wdm.WebDriverManager - Using chromedriver 144.0.7559.31 (resolved driver for Chrome 144)
[main] INFO io.github.bonigarcia.wdm.WebDriverManager - Exporting webdriver.chrome.driver as C:\Users\USER\.cache\selenium\chromedriver\win64\144.0.7559.31\chromedriver.exe
Jan 16, 2026 10:40:52 AM org.openqa.selenium.devtools.CdpVersionFinder findNearestMatch
WARNING: Unable to find CDP implementation matching 144
Jan 16, 2026 10:40:52 AM org.openqa.selenium.chromium.ChromiumDriver lambda$new$5
WARNING: Unable to find version of CDP to use for 144.0.7559.59. You may need to include a dependency on a specific version of the CDP using something similar to `org.seleniumhq.selenium:selenium-devtools-v86:4.27.0` where the version ("v86") matches the version of the chromium-based browser you're using and the version number of the artifact is the same as Selenium's.
]]></system-err>
  </testcase>
  <testcase name="testSignIn" classname="tests.AuthenticationTests" time="36.085">
    <system-out><![CDATA[
[SETUP] Starting setup for: testSignIn
[SETUP] Completed setup for: testSignIn (took 7001ms)


TEST 2 STARTED: Sign In
Description: Login with existing credentials

TEST 2 COMPLETED SUCCESSFULLY

]]></system-out>
    <system-err><![CDATA[[main] INFO io.github.bonigarcia.wdm.WebDriverManager - Using chromedriver 144.0.7559.31 (resolved driver for Chrome 144)
[main] INFO io.github.bonigarcia.wdm.WebDriverManager - Exporting webdriver.chrome.driver as C:\Users\USER\.cache\selenium\chromedriver\win64\144.0.7559.31\chromedriver.exe
Jan 16, 2026 10:41:37 AM org.openqa.selenium.devtools.CdpVersionFinder findNearestMatch
WARNING: Unable to find CDP implementation matching 144
Jan 16, 2026 10:41:37 AM org.openqa.selenium.chromium.ChromiumDriver lambda$new$5
WARNING: Unable to find version of CDP to use for 144.0.7559.59. You may need to include a dependency on a specific version of the CDP using something similar to `org.seleniumhq.selenium:selenium-devtools-v86:4.27.0` where the version ("v86") matches the version of the chromium-based browser you're using and the version number of the artifact is the same as Selenium's.
]]></system-err>
  </testcase>
  <testcase name="testCheckHoverStyle" classname="tests.EcommerceTests" time="2.197">
    <system-out><![CDATA[
[SETUP] Starting setup for: testCheckHoverStyle
[SETUP] Completed setup for: testCheckHoverStyle (took 7354ms)

]]></system-out>
    <system-err><![CDATA[[main] INFO io.github.bonigarcia.wdm.WebDriverManager - Using chromedriver 144.0.7559.31 (resolved driver for Chrome 144)
[main] INFO io.github.bonigarcia.wdm.WebDriverManager - Exporting webdriver.chrome.driver as C:\Users\USER\.cache\selenium\chromedriver\win64\144.0.7559.31\chromedriver.exe
Jan 16, 2026 10:42:21 AM org.openqa.selenium.devtools.CdpVersionFinder findNearestMatch
WARNING: Unable to find CDP implementation matching 144
Jan 16, 2026 10:42:21 AM org.openqa.selenium.chromium.ChromiumDriver lambda$new$5
WARNING: Unable to find version of CDP to use for 144.0.7559.59. You may need to include a dependency on a specific version of the CDP using something similar to `org.seleniumhq.selenium:selenium-devtools-v86:4.27.0` where the version ("v86") matches the version of the chromium-based browser you're using and the version number of the artifact is the same as Selenium's.
]]></system-err>
  </testcase>
  <testcase name="testCheckSaleProductsStyle" classname="tests.EcommerceTests" time="2.917">
    <system-out><![CDATA[
[SETUP] Starting setup for: testCheckSaleProductsStyle
[SETUP] Completed setup for: testCheckSaleProductsStyle (took 7108ms)

Final price color: rgba(51, 153, 204, 1), textDecoration: none
Final price color: rgba(51, 153, 204, 1), textDecoration: none
Final price color: rgba(51, 153, 204, 1), textDecoration: none
Final price color: rgba(51, 153, 204, 1), textDecoration: none
]]></system-out>
    <system-err><![CDATA[[main] INFO io.github.bonigarcia.wdm.WebDriverManager - Using chromedriver 144.0.7559.31 (resolved driver for Chrome 144)
[main] INFO io.github.bonigarcia.wdm.WebDriverManager - Exporting webdriver.chrome.driver as C:\Users\USER\.cache\selenium\chromedriver\win64\144.0.7559.31\chromedriver.exe
Jan 16, 2026 10:42:49 AM org.openqa.selenium.devtools.CdpVersionFinder findNearestMatch
WARNING: Unable to find CDP implementation matching 144
Jan 16, 2026 10:42:49 AM org.openqa.selenium.chromium.ChromiumDriver lambda$new$5
WARNING: Unable to find version of CDP to use for 144.0.7559.59. You may need to include a dependency on a specific version of the CDP using something similar to `org.seleniumhq.selenium:selenium-devtools-v86:4.27.0` where the version ("v86") matches the version of the chromium-based browser you're using and the version number of the artifact is the same as Selenium's.
]]></system-err>
  </testcase>
  <testcase name="testCheckPageFilters" classname="tests.EcommerceTests" time="20.165">
    <system-out><![CDATA[
[SETUP] Starting setup for: testCheckPageFilters
[SETUP] Completed setup for: testCheckPageFilters (took 5230ms)

Found 9 color filter options
Checking color option: Black
Found matching color: Black, href: https://ecommerce.tealiumdemo.com/men.html?color=20
Clicked color filter using JavaScript: Black
Color filter applied, new URL: https://ecommerce.tealiumdemo.com/men.html?color=20
Products reloaded after color filter, found 3 products
Product 0 has filter-match color swatch
Product 1 has filter-match color swatch
Product 2 has filter-match color swatch
Found 1 price filter options
Clicking price filter: $70.00 and above (3)
Price filter href: https://ecommerce.tealiumdemo.com/men.html?color=20&price=70-
Target URL for navigation: https://ecommerce.tealiumdemo.com/men.html?color=20&price=70-
Current URL before price filter: https://ecommerce.tealiumdemo.com/men.html?color=20
Current body class:  catalog-category-view categorypath-men-html category-men
Clicked price filter using JavaScript
URL successfully changed to: https://ecommerce.tealiumdemo.com/men.html?color=20&price=70-
Products reloaded, found 3 products
Product 0 price: $75.0 (range: $0.0 - $99.99)
Product 1 price: $75.0 (range: $0.0 - $99.99)
Product 2 price: $75.0 (range: $0.0 - $99.99)
]]></system-out>
    <system-err><![CDATA[[main] INFO io.github.bonigarcia.wdm.WebDriverManager - Using chromedriver 144.0.7559.31 (resolved driver for Chrome 144)
[main] INFO io.github.bonigarcia.wdm.WebDriverManager - Exporting webdriver.chrome.driver as C:\Users\USER\.cache\selenium\chromedriver\win64\144.0.7559.31\chromedriver.exe
Jan 16, 2026 10:43:19 AM org.openqa.selenium.devtools.CdpVersionFinder findNearestMatch
WARNING: Unable to find CDP implementation matching 144
Jan 16, 2026 10:43:19 AM org.openqa.selenium.chromium.ChromiumDriver lambda$new$5
WARNING: Unable to find version of CDP to use for 144.0.7559.59. You may need to include a dependency on a specific version of the CDP using something similar to `org.seleniumhq.selenium:selenium-devtools-v86:4.27.0` where the version ("v86") matches the version of the chromium-based browser you're using and the version number of the artifact is the same as Selenium's.
]]></system-err>
  </testcase>
  <testcase name="testCheckSorting" classname="tests.EcommerceTests" time="75.525">
    <system-out><![CDATA[
[SETUP] Starting setup for: testCheckSorting
[SETUP] Completed setup for: testCheckSorting (took 7180ms)

Attempting to add product 0 to wishlist
Clicked wishlist link for product 0
Successfully added product 0 to wishlist
Attempting to add product 1 to wishlist
Clicked wishlist link for product 1
Successfully added product 1 to wishlist
]]></system-out>
    <system-err><![CDATA[[main] INFO io.github.bonigarcia.wdm.WebDriverManager - Using chromedriver 144.0.7559.31 (resolved driver for Chrome 144)
[main] INFO io.github.bonigarcia.wdm.WebDriverManager - Exporting webdriver.chrome.driver as C:\Users\USER\.cache\selenium\chromedriver\win64\144.0.7559.31\chromedriver.exe
Jan 16, 2026 10:44:02 AM org.openqa.selenium.devtools.CdpVersionFinder findNearestMatch
WARNING: Unable to find CDP implementation matching 144
Jan 16, 2026 10:44:02 AM org.openqa.selenium.chromium.ChromiumDriver lambda$new$5
WARNING: Unable to find version of CDP to use for 144.0.7559.59. You may need to include a dependency on a specific version of the CDP using something similar to `org.seleniumhq.selenium:selenium-devtools-v86:4.27.0` where the version ("v86") matches the version of the chromium-based browser you're using and the version number of the artifact is the same as Selenium's.
]]></system-err>
  </testcase>
  <testcase name="testShoppingCart" classname="tests.EcommerceTests" time="6.022">
    <system-out><![CDATA[Preserving driver session after testCheckSorting

[SETUP] Starting setup for: testShoppingCart
Reusing existing driver session for testShoppingCart
[SETUP] Completed setup for: testShoppingCart (took 0ms)

Checking if shopping cart page loaded. Current URL: https://ecommerce.tealiumdemo.com/checkout/cart/
URL indicates we're on cart page
]]></system-out>
  </testcase>
  <testcase name="testEmptyShoppingCart" classname="tests.EcommerceTests" time="5.372">
    <system-out><![CDATA[Preserving driver session after testShoppingCart

[SETUP] Starting setup for: testEmptyShoppingCart
Reusing existing driver session for testEmptyShoppingCart
[SETUP] Completed setup for: testEmptyShoppingCart (took 0ms)

]]></system-out>
  </testcase>
</testsuite>