<?xml version="1.0" encoding="UTF-8"?>
<testng-results ignored="0" total="8" passed="8" failed="0" skipped="0">
  <reporter-output>
  </reporter-output>
  <suite started-at="2026-01-11T01:49:26 CET" name="Tealium E-commerce Automation Test Suite" finished-at="2026-01-11T01:54:09 CET" duration-ms="282764">
    <groups>
    </groups>
    <test started-at="2026-01-11T01:49:26 CET" name="Account Tests" finished-at="2026-01-11T01:49:53 CET" duration-ms="26692">
      <class name="tests.AuthenticationTests">
        <test-method is-config="true" signature="setup(java.lang.reflect.Method)[pri:0, instance:tests.AuthenticationTests@6356695f]" started-at="2026-01-11T01:49:26 CET" name="setup" finished-at="2026-01-11T01:49:34 CET" duration-ms="8208" status="PASS">
          <params>
            <param index="0">
              <value>
                <![CDATA[public void tests.AuthenticationTests.testCreateAccount()]]>
              </value>
            </param>
          </params>
          <reporter-output>
          </reporter-output>
        </test-method> <!-- setup -->
        <test-method signature="testCreateAccount()[pri:1, instance:tests.AuthenticationTests@6356695f]" started-at="2026-01-11T01:49:34 CET" name="testCreateAccount" description="Test 1: Create an Account" finished-at="2026-01-11T01:49:41 CET" duration-ms="6906" status="PASS">
          <reporter-output>
          </reporter-output>
        </test-method> <!-- testCreateAccount -->
        <test-method is-config="true" signature="tearDown(java.lang.reflect.Method)[pri:0, instance:tests.AuthenticationTests@6356695f]" started-at="2026-01-11T01:49:41 CET" name="tearDown" finished-at="2026-01-11T01:49:42 CET" duration-ms="310" status="PASS">
          <params>
            <param index="0">
              <value>
                <![CDATA[public void tests.AuthenticationTests.testCreateAccount()]]>
              </value>
            </param>
          </params>
          <reporter-output>
          </reporter-output>
        </test-method> <!-- tearDown -->
        <test-method is-config="true" signature="setup(java.lang.reflect.Method)[pri:0, instance:tests.AuthenticationTests@6356695f]" started-at="2026-01-11T01:49:42 CET" name="setup" finished-at="2026-01-11T01:49:47 CET" duration-ms="5222" status="PASS">
          <params>
            <param index="0">
              <value>
                <![CDATA[public void tests.AuthenticationTests.testSignIn()]]>
              </value>
            </param>
          </params>
          <reporter-output>
          </reporter-output>
        </test-method> <!-- setup -->
        <test-method signature="testSignIn()[pri:2, instance:tests.AuthenticationTests@6356695f]" started-at="2026-01-11T01:49:47 CET" name="testSignIn" description="Test 2: Sign In" finished-at="2026-01-11T01:49:53 CET" duration-ms="5659" status="PASS">
          <reporter-output>
          </reporter-output>
        </test-method> <!-- testSignIn -->
        <test-method is-config="true" signature="tearDown(java.lang.reflect.Method)[pri:0, instance:tests.AuthenticationTests@6356695f]" started-at="2026-01-11T01:49:53 CET" name="tearDown" finished-at="2026-01-11T01:49:53 CET" duration-ms="312" status="PASS">
          <params>
            <param index="0">
              <value>
                <![CDATA[public void tests.AuthenticationTests.testSignIn()]]>
              </value>
            </param>
          </params>
          <reporter-output>
          </reporter-output>
        </test-method> <!-- tearDown -->
      </class> <!-- tests.AuthenticationTests -->
    </test> <!-- Account Tests -->
    <test started-at="2026-01-11T01:49:53 CET" name="E-commerce Tests" finished-at="2026-01-11T01:54:09 CET" duration-ms="255984">
      <class name="tests.EcommerceTests">
        <test-method is-config="true" signature="setupSuite()[pri:0, instance:tests.EcommerceTests@6aeb35e6]" started-at="2026-01-11T01:49:25 CET" name="setupSuite" finished-at="2026-01-11T01:49:26 CET" duration-ms="774" status="PASS">
          <reporter-output>
          </reporter-output>
        </test-method> <!-- setupSuite -->
        <test-method is-config="true" signature="setup(java.lang.reflect.Method)[pri:0, instance:tests.EcommerceTests@6aeb35e6]" started-at="2026-01-11T01:49:53 CET" name="setup" finished-at="2026-01-11T01:50:00 CET" duration-ms="7385" status="PASS">
          <params>
            <param index="0">
              <value>
                <![CDATA[public void tests.EcommerceTests.testCheckHoverStyle()]]>
              </value>
            </param>
          </params>
          <reporter-output>
          </reporter-output>
        </test-method> <!-- setup -->
        <test-method is-config="true" signature="loginBeforeEachTest(java.lang.reflect.Method)[pri:0, instance:tests.EcommerceTests@6aeb35e6]" started-at="2026-01-11T01:50:00 CET" name="loginBeforeEachTest" finished-at="2026-01-11T01:50:03 CET" depends-on-methods="tests.BaseTest.setup" duration-ms="2950" status="PASS">
          <params>
            <param index="0">
              <value>
                <![CDATA[public void tests.EcommerceTests.testCheckHoverStyle()]]>
              </value>
            </param>
          </params>
          <reporter-output>
          </reporter-output>
        </test-method> <!-- loginBeforeEachTest -->
        <test-method signature="testCheckHoverStyle()[pri:3, instance:tests.EcommerceTests@6aeb35e6]" started-at="2026-01-11T01:50:03 CET" name="testCheckHoverStyle" description="Test 3: Check hover style" finished-at="2026-01-11T01:50:08 CET" duration-ms="4777" status="PASS">
          <reporter-output>
          </reporter-output>
        </test-method> <!-- testCheckHoverStyle -->
        <test-method is-config="true" signature="tearDown(java.lang.reflect.Method)[pri:0, instance:tests.EcommerceTests@6aeb35e6]" started-at="2026-01-11T01:50:08 CET" name="tearDown" finished-at="2026-01-11T01:50:09 CET" duration-ms="480" status="PASS">
          <params>
            <param index="0">
              <value>
                <![CDATA[public void tests.EcommerceTests.testCheckHoverStyle()]]>
              </value>
            </param>
          </params>
          <reporter-output>
          </reporter-output>
        </test-method> <!-- tearDown -->
        <test-method is-config="true" signature="setup(java.lang.reflect.Method)[pri:0, instance:tests.EcommerceTests@6aeb35e6]" started-at="2026-01-11T01:50:09 CET" name="setup" finished-at="2026-01-11T01:50:14 CET" duration-ms="5632" status="PASS">
          <params>
            <param index="0">
              <value>
                <![CDATA[public void tests.EcommerceTests.testCheckSaleProductsStyle()]]>
              </value>
            </param>
          </params>
          <reporter-output>
          </reporter-output>
        </test-method> <!-- setup -->
        <test-method is-config="true" signature="loginBeforeEachTest(java.lang.reflect.Method)[pri:0, instance:tests.EcommerceTests@6aeb35e6]" started-at="2026-01-11T01:50:14 CET" name="loginBeforeEachTest" finished-at="2026-01-11T01:50:17 CET" depends-on-methods="tests.BaseTest.setup" duration-ms="3145" status="PASS">
          <params>
            <param index="0">
              <value>
                <![CDATA[public void tests.EcommerceTests.testCheckSaleProductsStyle()]]>
              </value>
            </param>
          </params>
          <reporter-output>
          </reporter-output>
        </test-method> <!-- loginBeforeEachTest -->
        <test-method signature="testCheckSaleProductsStyle()[pri:4, instance:tests.EcommerceTests@6aeb35e6]" started-at="2026-01-11T01:50:17 CET" name="testCheckSaleProductsStyle" description="Test 4: Check sale products style" finished-at="2026-01-11T01:50:22 CET" duration-ms="5158" status="PASS">
          <reporter-output>
          </reporter-output>
        </test-method> <!-- testCheckSaleProductsStyle -->
        <test-method is-config="true" signature="tearDown(java.lang.reflect.Method)[pri:0, instance:tests.EcommerceTests@6aeb35e6]" started-at="2026-01-11T01:50:22 CET" name="tearDown" finished-at="2026-01-11T01:50:23 CET" duration-ms="514" status="PASS">
          <params>
            <param index="0">
              <value>
                <![CDATA[public void tests.EcommerceTests.testCheckSaleProductsStyle()]]>
              </value>
            </param>
          </params>
          <reporter-output>
          </reporter-output>
        </test-method> <!-- tearDown -->
        <test-method is-config="true" signature="setup(java.lang.reflect.Method)[pri:0, instance:tests.EcommerceTests@6aeb35e6]" started-at="2026-01-11T01:50:23 CET" name="setup" finished-at="2026-01-11T01:50:30 CET" duration-ms="7491" status="PASS">
          <params>
            <param index="0">
              <value>
                <![CDATA[public void tests.EcommerceTests.testCheckPageFilters()]]>
              </value>
            </param>
          </params>
          <reporter-output>
          </reporter-output>
        </test-method> <!-- setup -->
        <test-method is-config="true" signature="loginBeforeEachTest(java.lang.reflect.Method)[pri:0, instance:tests.EcommerceTests@6aeb35e6]" started-at="2026-01-11T01:50:30 CET" name="loginBeforeEachTest" finished-at="2026-01-11T01:50:34 CET" depends-on-methods="tests.BaseTest.setup" duration-ms="3102" status="PASS">
          <params>
            <param index="0">
              <value>
                <![CDATA[public void tests.EcommerceTests.testCheckPageFilters()]]>
              </value>
            </param>
          </params>
          <reporter-output>
          </reporter-output>
        </test-method> <!-- loginBeforeEachTest -->
        <test-method signature="testCheckPageFilters()[pri:5, instance:tests.EcommerceTests@6aeb35e6]" started-at="2026-01-11T01:50:34 CET" name="testCheckPageFilters" description="Test 5: Check page filters" finished-at="2026-01-11T01:51:00 CET" duration-ms="26790" status="PASS">
          <reporter-output>
          </reporter-output>
        </test-method> <!-- testCheckPageFilters -->
        <test-method is-config="true" signature="tearDown(java.lang.reflect.Method)[pri:0, instance:tests.EcommerceTests@6aeb35e6]" started-at="2026-01-11T01:51:00 CET" name="tearDown" finished-at="2026-01-11T01:51:01 CET" duration-ms="431" status="PASS">
          <params>
            <param index="0">
              <value>
                <![CDATA[public void tests.EcommerceTests.testCheckPageFilters()]]>
              </value>
            </param>
          </params>
          <reporter-output>
          </reporter-output>
        </test-method> <!-- tearDown -->
        <test-method is-config="true" signature="setup(java.lang.reflect.Method)[pri:0, instance:tests.EcommerceTests@6aeb35e6]" started-at="2026-01-11T01:51:01 CET" name="setup" finished-at="2026-01-11T01:51:06 CET" duration-ms="5326" status="PASS">
          <params>
            <param index="0">
              <value>
                <![CDATA[public void tests.EcommerceTests.testCheckSorting()]]>
              </value>
            </param>
          </params>
          <reporter-output>
          </reporter-output>
        </test-method> <!-- setup -->
        <test-method is-config="true" signature="loginBeforeEachTest(java.lang.reflect.Method)[pri:0, instance:tests.EcommerceTests@6aeb35e6]" started-at="2026-01-11T01:51:06 CET" name="loginBeforeEachTest" finished-at="2026-01-11T01:51:09 CET" depends-on-methods="tests.BaseTest.setup" duration-ms="3024" status="PASS">
          <params>
            <param index="0">
              <value>
                <![CDATA[public void tests.EcommerceTests.testCheckSorting()]]>
              </value>
            </param>
          </params>
          <reporter-output>
          </reporter-output>
        </test-method> <!-- loginBeforeEachTest -->
        <test-method signature="testCheckSorting()[pri:6, instance:tests.EcommerceTests@6aeb35e6]" started-at="2026-01-11T01:51:09 CET" name="testCheckSorting" description="Test 6: Check Sorting" finished-at="2026-01-11T01:52:33 CET" duration-ms="84126" status="PASS">
          <reporter-output>
          </reporter-output>
        </test-method> <!-- testCheckSorting -->
        <test-method is-config="true" signature="tearDown(java.lang.reflect.Method)[pri:0, instance:tests.EcommerceTests@6aeb35e6]" started-at="2026-01-11T01:52:33 CET" name="tearDown" finished-at="2026-01-11T01:52:33 CET" duration-ms="1" status="PASS">
          <params>
            <param index="0">
              <value>
                <![CDATA[public void tests.EcommerceTests.testCheckSorting()]]>
              </value>
            </param>
          </params>
          <reporter-output>
          </reporter-output>
        </test-method> <!-- tearDown -->
        <test-method is-config="true" signature="setup(java.lang.reflect.Method)[pri:0, instance:tests.EcommerceTests@6aeb35e6]" started-at="2026-01-11T01:52:33 CET" name="setup" finished-at="2026-01-11T01:52:33 CET" duration-ms="1" status="PASS">
          <params>
            <param index="0">
              <value>
                <![CDATA[public void tests.EcommerceTests.testShoppingCart()]]>
              </value>
            </param>
          </params>
          <reporter-output>
          </reporter-output>
        </test-method> <!-- setup -->
        <test-method is-config="true" signature="loginBeforeEachTest(java.lang.reflect.Method)[pri:0, instance:tests.EcommerceTests@6aeb35e6]" started-at="2026-01-11T01:52:33 CET" name="loginBeforeEachTest" finished-at="2026-01-11T01:52:33 CET" depends-on-methods="tests.BaseTest.setup" duration-ms="1" status="PASS">
          <params>
            <param index="0">
              <value>
                <![CDATA[public void tests.EcommerceTests.testShoppingCart()]]>
              </value>
            </param>
          </params>
          <reporter-output>
          </reporter-output>
        </test-method> <!-- loginBeforeEachTest -->
        <test-method signature="testShoppingCart()[pri:7, instance:tests.EcommerceTests@6aeb35e6]" started-at="2026-01-11T01:52:33 CET" name="testShoppingCart" description="Test 7: Shopping Cart test" finished-at="2026-01-11T01:53:38 CET" depends-on-methods="tests.EcommerceTests.testCheckSorting" duration-ms="64715" status="PASS">
          <reporter-output>
          </reporter-output>
        </test-method> <!-- testShoppingCart -->
        <test-method is-config="true" signature="tearDown(java.lang.reflect.Method)[pri:0, instance:tests.EcommerceTests@6aeb35e6]" started-at="2026-01-11T01:53:38 CET" name="tearDown" finished-at="2026-01-11T01:53:38 CET" duration-ms="1" status="PASS">
          <params>
            <param index="0">
              <value>
                <![CDATA[public void tests.EcommerceTests.testShoppingCart()]]>
              </value>
            </param>
          </params>
          <reporter-output>
          </reporter-output>
        </test-method> <!-- tearDown -->
        <test-method is-config="true" signature="setup(java.lang.reflect.Method)[pri:0, instance:tests.EcommerceTests@6aeb35e6]" started-at="2026-01-11T01:53:38 CET" name="setup" finished-at="2026-01-11T01:53:38 CET" duration-ms="0" status="PASS">
          <params>
            <param index="0">
              <value>
                <![CDATA[public void tests.EcommerceTests.testEmptyShoppingCart()]]>
              </value>
            </param>
          </params>
          <reporter-output>
          </reporter-output>
        </test-method> <!-- setup -->
        <test-method signature="testEmptyShoppingCart()[pri:8, instance:tests.EcommerceTests@6aeb35e6]" started-at="2026-01-11T01:53:38 CET" name="testEmptyShoppingCart" description="Test 8: Empty Shopping Cart Test" finished-at="2026-01-11T01:54:09 CET" depends-on-methods="tests.EcommerceTests.testShoppingCart" duration-ms="30517" status="PASS">
          <reporter-output>
          </reporter-output>
        </test-method> <!-- testEmptyShoppingCart -->
        <test-method is-config="true" signature="loginBeforeEachTest(java.lang.reflect.Method)[pri:0, instance:tests.EcommerceTests@6aeb35e6]" started-at="2026-01-11T01:53:38 CET" name="loginBeforeEachTest" finished-at="2026-01-11T01:53:38 CET" depends-on-methods="tests.BaseTest.setup" duration-ms="0" status="PASS">
          <params>
            <param index="0">
              <value>
                <![CDATA[public void tests.EcommerceTests.testEmptyShoppingCart()]]>
              </value>
            </param>
          </params>
          <reporter-output>
          </reporter-output>
        </test-method> <!-- loginBeforeEachTest -->
        <test-method is-config="true" signature="tearDown(java.lang.reflect.Method)[pri:0, instance:tests.EcommerceTests@6aeb35e6]" started-at="2026-01-11T01:54:09 CET" name="tearDown" finished-at="2026-01-11T01:54:09 CET" duration-ms="390" status="PASS">
          <params>
            <param index="0">
              <value>
                <![CDATA[public void tests.EcommerceTests.testEmptyShoppingCart()]]>
              </value>
            </param>
          </params>
          <reporter-output>
          </reporter-output>
        </test-method> <!-- tearDown -->
        <test-method is-config="true" signature="tearDownSuite()[pri:0, instance:tests.EcommerceTests@6aeb35e6]" started-at="2026-01-11T01:54:09 CET" name="tearDownSuite" finished-at="2026-01-11T01:54:09 CET" duration-ms="548" status="PASS">
          <reporter-output>
          </reporter-output>
        </test-method> <!-- tearDownSuite -->
      </class> <!-- tests.EcommerceTests -->
    </test> <!-- E-commerce Tests -->
  </suite> <!-- Tealium E-commerce Automation Test Suite -->
</testng-results>
