<?xml version="1.0" encoding="UTF-8"?>
<testsuite xmlns:xsi="http://www.w3.org/2001/XMLSchema-instance" xsi:noNamespaceSchemaLocation="https://maven.apache.org/surefire/maven-surefire-plugin/xsd/surefire-test-report-3.0.xsd" version="3.0" name="TestSuite" time="397.641" tests="8" errors="0" skipped="0" failures="0">
  <properties>
[...]
</properties>
  <testcase name="testCreateAccount" classname="tests.AuthenticationTests" time="6.251">
    <system-err><![CDATA[[main] INFO io.github.bonigarcia.wdm.WebDriverManager - Using chromedriver 143.0.7499.192 (resolved driver for Chrome 143)
[main] INFO io.github.bonigarcia.wdm.WebDriverManager - Exporting webdriver.chrome.driver as C:\Users\USER\.cache\selenium\chromedriver\win64\143.0.7499.192\chromedriver.exe
Jan 10, 2026 10:36:25 PM org.openqa.selenium.devtools.CdpVersionFinder findNearestMatch
WARNING: Unable to find CDP implementation matching 143
Jan 10, 2026 10:36:25 PM org.openqa.selenium.chromium.ChromiumDriver lambda$new$5
WARNING: Unable to find version of CDP to use for 143.0.7499.192. You may need to include a dependency on a specific version of the CDP using something similar to `org.seleniumhq.selenium:selenium-devtools-v86:4.27.0` where the version ("v86") matches the version of the chromium-based browser you're using and the version number of the artifact is the same as Selenium's.
]]></system-err>
  </testcase>
  <testcase name="testSignIn" classname="tests.AuthenticationTests" time="8.057">
    <system-err><![CDATA[[main] INFO io.github.bonigarcia.wdm.WebDriverManager - Using chromedriver 143.0.7499.192 (resolved driver for Chrome 143)
[main] INFO io.github.bonigarcia.wdm.WebDriverManager - Exporting webdriver.chrome.driver as C:\Users\USER\.cache\selenium\chromedriver\win64\143.0.7499.192\chromedriver.exe
Jan 10, 2026 10:36:39 PM org.openqa.selenium.devtools.CdpVersionFinder findNearestMatch
WARNING: Unable to find CDP implementation matching 143
Jan 10, 2026 10:36:39 PM org.openqa.selenium.chromium.ChromiumDriver lambda$new$5
WARNING: Unable to find version of CDP to use for 143.0.7499.192. You may need to include a dependency on a specific version of the CDP using something similar to `org.seleniumhq.selenium:selenium-devtools-v86:4.27.0` where the version ("v86") matches the version of the chromium-based browser you're using and the version number of the artifact is the same as Selenium's.
]]></system-err>
  </testcase>
  <testcase name="testCheckHoverStyle" classname="tests.EcommerceTests" time="4.978">
    <system-err><![CDATA[[main] INFO io.github.bonigarcia.wdm.WebDriverManager - Using chromedriver 143.0.7499.192 (resolved driver for Chrome 143)
[main] INFO io.github.bonigarcia.wdm.WebDriverManager - Exporting webdriver.chrome.driver as C:\Users\USER\.cache\selenium\chromedriver\win64\143.0.7499.192\chromedriver.exe
Jan 10, 2026 10:36:55 PM org.openqa.selenium.devtools.CdpVersionFinder findNearestMatch
WARNING: Unable to find CDP implementation matching 143
Jan 10, 2026 10:36:55 PM org.openqa.selenium.chromium.ChromiumDriver lambda$new$5
WARNING: Unable to find version of CDP to use for 143.0.7499.192. You may need to include a dependency on a specific version of the CDP using something similar to `org.seleniumhq.selenium:selenium-devtools-v86:4.27.0` where the version ("v86") matches the version of the chromium-based browser you're using and the version number of the artifact is the same as Selenium's.
]]></system-err>
  </testcase>
  <testcase name="testCheckSaleProductsStyle" classname="tests.EcommerceTests" time="5.171">
    <system-out><![CDATA[Final price color: rgba(51, 153, 204, 1), textDecoration: none
Final price color: rgba(51, 153, 204, 1), textDecoration: none
Final price color: rgba(51, 153, 204, 1), textDecoration: none
Final price color: rgba(51, 153, 204, 1), textDecoration: none
]]></system-out>
    <system-err><![CDATA[[main] INFO io.github.bonigarcia.wdm.WebDriverManager - Using chromedriver 143.0.7499.192 (resolved driver for Chrome 143)
[main] INFO io.github.bonigarcia.wdm.WebDriverManager - Exporting webdriver.chrome.driver as C:\Users\USER\.cache\selenium\chromedriver\win64\143.0.7499.192\chromedriver.exe
Jan 10, 2026 10:37:12 PM org.openqa.selenium.devtools.CdpVersionFinder findNearestMatch
WARNING: Unable to find CDP implementation matching 143
Jan 10, 2026 10:37:12 PM org.openqa.selenium.chromium.ChromiumDriver lambda$new$5
WARNING: Unable to find version of CDP to use for 143.0.7499.192. You may need to include a dependency on a specific version of the CDP using something similar to `org.seleniumhq.selenium:selenium-devtools-v86:4.27.0` where the version ("v86") matches the version of the chromium-based browser you're using and the version number of the artifact is the same as Selenium's.
]]></system-err>
  </testcase>
  <testcase name="testCheckPageFilters" classname="tests.EcommerceTests" time="44.204">
    <system-out><![CDATA[Found 9 color filter options
Checking color option: Black
Found matching color: Black, href: https://ecommerce.tealiumdemo.com/men.html?color=20
Clicked color filter using JavaScript: Black
Color filter applied, new URL: https://ecommerce.tealiumdemo.com/men.html?color=20
Products reloaded after color filter, found 3 products
Product 0 has filter-match color swatch
Product 1 has filter-match color swatch
Product 2 has filter-match color swatch
Found 1 price filter options
Clicking price filter: $70.00 and above (3)
Price filter href: https://ecommerce.tealiumdemo.com/men.html?color=20&price=70-
Target URL for navigation: https://ecommerce.tealiumdemo.com/men.html?color=20&price=70-
Current URL before price filter: https://ecommerce.tealiumdemo.com/men.html?color=20
Current body class:  catalog-category-view categorypath-men-html category-men
Clicked price filter using JavaScript
URL successfully changed to: https://ecommerce.tealiumdemo.com/men.html?color=20&price=70-
Products reloaded, found 3 products
Product 0 price: $75.0 (range: $0.0 - $99.99)
Product 1 price: $75.0 (range: $0.0 - $99.99)
Product 2 price: $75.0 (range: $0.0 - $99.99)
]]></system-out>
    <system-err><![CDATA[[main] INFO io.github.bonigarcia.wdm.WebDriverManager - Using chromedriver 143.0.7499.192 (resolved driver for Chrome 143)
[main] INFO io.github.bonigarcia.wdm.WebDriverManager - Exporting webdriver.chrome.driver as C:\Users\USER\.cache\selenium\chromedriver\win64\143.0.7499.192\chromedriver.exe
Jan 10, 2026 10:37:29 PM org.openqa.selenium.devtools.CdpVersionFinder findNearestMatch
WARNING: Unable to find CDP implementation matching 143
Jan 10, 2026 10:37:29 PM org.openqa.selenium.chromium.ChromiumDriver lambda$new$5
WARNING: Unable to find version of CDP to use for 143.0.7499.192. You may need to include a dependency on a specific version of the CDP using something similar to `org.seleniumhq.selenium:selenium-devtools-v86:4.27.0` where the version ("v86") matches the version of the chromium-based browser you're using and the version number of the artifact is the same as Selenium's.
]]></system-err>
  </testcase>
  <testcase name="testCheckSorting" classname="tests.EcommerceTests" time="135.822">
    <system-out><![CDATA[Re-logging in to ensure fresh session before wishlist operations
Logged in successfully, navigating to women's page
Attempting to add product 0 to wishlist
Clicked wishlist link for product 0
Successfully added product 0 to wishlist
Navigating to wishlist to verify first item was added
Current URL: https://ecommerce.tealiumdemo.com/wishlist/index/index/wishlist_id/1933/
Wishlist currently has 1 items
Final wishlist count: 1 items
]]></system-out>
    <system-err><![CDATA[[main] INFO io.github.bonigarcia.wdm.WebDriverManager - Using chromedriver 143.0.7499.192 (resolved driver for Chrome 143)
[main] INFO io.github.bonigarcia.wdm.WebDriverManager - Exporting webdriver.chrome.driver as C:\Users\USER\.cache\selenium\chromedriver\win64\143.0.7499.192\chromedriver.exe
Jan 10, 2026 10:38:24 PM org.openqa.selenium.devtools.CdpVersionFinder findNearestMatch
WARNING: Unable to find CDP implementation matching 143
Jan 10, 2026 10:38:24 PM org.openqa.selenium.chromium.ChromiumDriver lambda$new$5
WARNING: Unable to find version of CDP to use for 143.0.7499.192. You may need to include a dependency on a specific version of the CDP using something similar to `org.seleniumhq.selenium:selenium-devtools-v86:4.27.0` where the version ("v86") matches the version of the chromium-based browser you're using and the version number of the artifact is the same as Selenium's.
]]></system-err>
  </testcase>
  <testcase name="testShoppingCart" classname="tests.EcommerceTests" time="84.752">
    <system-out><![CDATA[Preserving driver session after testCheckSorting
Reusing existing driver session for testShoppingCart
Skipping login for testShoppingCart to preserve session state
Wishlist has 1 items
Adding wishlist item to cart (remaining: 1)
Found wishlist item row
Clicked Add to Cart button using JavaScript
Current URL after add to cart: https://ecommerce.tealiumdemo.com/wishlist/index/configure/id/3517/
On product configure page - selecting options
Scrolled to Color/Size section
Found color select with 3 options
Selecting color: Black (value: 20)
Color selected successfully via JavaScript
Found size select with 6 options
Selecting size: XS (value: 81)
Size selected successfully via JavaScript
Selection status - Size: true, Color: true
Attempting to disable validation and force form submission...
Validation message found: * Required Fields
Attempting to force-submit product form using JavaScript...
Form submitted successfully, waiting for redirect...
URL before: https://ecommerce.tealiumdemo.com/wishlist/index/configure/id/3517/
URL after: https://ecommerce.tealiumdemo.com/checkout/cart/
Successfully added item to cart (URL changed)
Navigating directly to shopping cart...
URL changed to: https://ecommerce.tealiumdemo.com/checkout/cart/
Checking if shopping cart page loaded. Current URL: https://ecommerce.tealiumdemo.com/checkout/cart/
URL indicates we're on cart page
Cart is not empty, proceeding with update
Updating quantity using JavaScript...
Update triggered via JavaScript
Cart has 1 items before total verification
Price verification failed with exception: Expected condition failed: waiting for visibility of Proxy element for: DefaultElementLocator 'By.xpath: //tfoot//tr[contains(@class,'last') or contains(@class,'grand-total')]//span[@class='price']' (tried for 20 second(s) with 500 milliseconds interval)
Skipping total verification as price elements may not be available
]]></system-out>
  </testcase>
  <testcase name="testEmptyShoppingCart" classname="tests.EcommerceTests" time="43.85">
    <system-out><![CDATA[Preserving driver session after testShoppingCart
Reusing existing driver session for testEmptyShoppingCart
Skipping login for testEmptyShoppingCart to preserve session state
Initial cart count for Test 8: 1
Delete button clicked successfully via JavaScript
Final cart count after all deletions: 0
Cart is empty (0 items) but empty message element not found - test passed
]]></system-out>
  </testcase>
</testsuite>