<?xml version="1.0" encoding="UTF-8"?>
<testng-results ignored="0" total="2" passed="1" failed="1" skipped="0">
  <reporter-output>
  </reporter-output>
  <suite started-at="2026-01-10T18:21:24 CET" name="Surefire suite" finished-at="2026-01-10T18:24:59 CET" duration-ms="214450">
    <groups>
    </groups>
    <test started-at="2026-01-10T18:21:24 CET" name="Surefire test" finished-at="2026-01-10T18:24:59 CET" duration-ms="214450">
      <class name="tests.EcommerceTests">
        <test-method is-config="true" signature="setupSuite()[pri:0, instance:tests.EcommerceTests@ef9296d]" started-at="2026-01-10T18:21:24 CET" name="setupSuite" finished-at="2026-01-10T18:21:24 CET" duration-ms="696" status="PASS">
          <reporter-output>
          </reporter-output>
        </test-method> <!-- setupSuite -->
        <test-method is-config="true" signature="setup(java.lang.reflect.Method)[pri:0, instance:tests.EcommerceTests@ef9296d]" started-at="2026-01-10T18:21:24 CET" name="setup" finished-at="2026-01-10T18:21:33 CET" duration-ms="8701" status="PASS">
          <params>
            <param index="0">
              <value>
                <![CDATA[public void tests.EcommerceTests.testCheckSorting()]]>
              </value>
            </param>
          </params>
          <reporter-output>
          </reporter-output>
        </test-method> <!-- setup -->
        <test-method is-config="true" signature="loginBeforeEachTest(java.lang.reflect.Method)[pri:0, instance:tests.EcommerceTests@ef9296d]" started-at="2026-01-10T18:21:33 CET" name="loginBeforeEachTest" finished-at="2026-01-10T18:21:38 CET" depends-on-methods="tests.BaseTest.setup" duration-ms="4858" status="PASS">
          <params>
            <param index="0">
              <value>
                <![CDATA[public void tests.EcommerceTests.testCheckSorting()]]>
              </value>
            </param>
          </params>
          <reporter-output>
          </reporter-output>
        </test-method> <!-- loginBeforeEachTest -->
        <test-method signature="testCheckSorting()[pri:6, instance:tests.EcommerceTests@ef9296d]" started-at="2026-01-10T18:21:38 CET" name="testCheckSorting" description="Test 6: Check Sorting" finished-at="2026-01-10T18:23:54 CET" duration-ms="136191" status="PASS">
          <reporter-output>
          </reporter-output>
        </test-method> <!-- testCheckSorting -->
        <test-method is-config="true" signature="tearDown(java.lang.reflect.Method)[pri:0, instance:tests.EcommerceTests@ef9296d]" started-at="2026-01-10T18:23:54 CET" name="tearDown" finished-at="2026-01-10T18:23:54 CET" duration-ms="2" status="PASS">
          <params>
            <param index="0">
              <value>
                <![CDATA[public void tests.EcommerceTests.testCheckSorting()]]>
              </value>
            </param>
          </params>
          <reporter-output>
          </reporter-output>
        </test-method> <!-- tearDown -->
        <test-method is-config="true" signature="setup(java.lang.reflect.Method)[pri:0, instance:tests.EcommerceTests@ef9296d]" started-at="2026-01-10T18:23:54 CET" name="setup" finished-at="2026-01-10T18:23:54 CET" duration-ms="2" status="PASS">
          <params>
            <param index="0">
              <value>
                <![CDATA[public void tests.EcommerceTests.testShoppingCart()]]>
              </value>
            </param>
          </params>
          <reporter-output>
          </reporter-output>
        </test-method> <!-- setup -->
        <test-method is-config="true" signature="loginBeforeEachTest(java.lang.reflect.Method)[pri:0, instance:tests.EcommerceTests@ef9296d]" started-at="2026-01-10T18:23:54 CET" name="loginBeforeEachTest" finished-at="2026-01-10T18:23:54 CET" depends-on-methods="tests.BaseTest.setup" duration-ms="1" status="PASS">
          <params>
            <param index="0">
              <value>
                <![CDATA[public void tests.EcommerceTests.testShoppingCart()]]>
              </value>
            </param>
          </params>
          <reporter-output>
          </reporter-output>
        </test-method> <!-- loginBeforeEachTest -->
        <test-method signature="testShoppingCart()[pri:7, instance:tests.EcommerceTests@ef9296d]" started-at="2026-01-10T18:23:54 CET" name="testShoppingCart" description="Test 7: Shopping Cart test" finished-at="2026-01-10T18:24:58 CET" depends-on-methods="tests.EcommerceTests.testCheckSorting" duration-ms="64311" status="FAIL">
          <exception class="java.lang.AssertionError">
            <message>
              <![CDATA[Shopping cart page should be loaded expected [true] but found [false]]]>
            </message>
            <full-stacktrace>
              <![CDATA[java.lang.AssertionError: Shopping cart page should be loaded expected [true] but found [false]
at org.testng.Assert.fail(Assert.java:111)
at org.testng.Assert.failNotEquals(Assert.java:1578)
at org.testng.Assert.assertTrue(Assert.java:57)
at tests.EcommerceTests.testShoppingCart(EcommerceTests.java:628)
at java.base/jdk.internal.reflect.NativeMethodAccessorImpl.invoke0(Native Method)
at java.base/jdk.internal.reflect.NativeMethodAccessorImpl.invoke(NativeMethodAccessorImpl.java:77)
at java.base/jdk.internal.reflect.DelegatingMethodAccessorImpl.invoke(DelegatingMethodAccessorImpl.java:43)
at java.base/java.lang.reflect.Method.invoke(Method.java:568)
at org.testng.internal.invokers.MethodInvocationHelper.invokeMethod(MethodInvocationHelper.java:139)
at org.testng.internal.invokers.TestInvoker.invokeMethod(TestInvoker.java:664)
at org.testng.internal.invokers.TestInvoker.invokeTestMethod(TestInvoker.java:227)
at org.testng.internal.invokers.MethodRunner.runInSequence(MethodRunner.java:50)
at org.testng.internal.invokers.TestInvoker$MethodInvocationAgent.invoke(TestInvoker.java:957)
at org.testng.internal.invokers.TestInvoker.invokeTestMethods(TestInvoker.java:200)
at org.testng.internal.invokers.TestMethodWorker.invokeTestMethods(TestMethodWorker.java:148)
at org.testng.internal.invokers.TestMethodWorker.run(TestMethodWorker.java:128)
at java.base/java.util.ArrayList.forEach(ArrayList.java:1511)
at org.testng.TestRunner.privateRun(TestRunner.java:848)
at org.testng.TestRunner.run(TestRunner.java:621)
at org.testng.SuiteRunner.runTest(SuiteRunner.java:443)
at org.testng.SuiteRunner.runSequentially(SuiteRunner.java:437)
at org.testng.SuiteRunner.privateRun(SuiteRunner.java:397)
at org.testng.SuiteRunner.run(SuiteRunner.java:336)
at org.testng.SuiteRunnerWorker.runSuite(SuiteRunnerWorker.java:52)
at org.testng.SuiteRunnerWorker.run(SuiteRunnerWorker.java:95)
at org.testng.TestNG.runSuitesSequentially(TestNG.java:1280)
at org.testng.TestNG.runSuitesLocally(TestNG.java:1200)
at org.testng.TestNG.runSuites(TestNG.java:1114)
at org.testng.TestNG.run(TestNG.java:1082)
at org.apache.maven.surefire.testng.TestNGExecutor.run(TestNGExecutor.java:155)
at org.apache.maven.surefire.testng.TestNGDirectoryTestSuite.executeSingleClass(TestNGDirectoryTestSuite.java:102)
at org.apache.maven.surefire.testng.TestNGDirectoryTestSuite.execute(TestNGDirectoryTestSuite.java:91)
at org.apache.maven.surefire.testng.TestNGProvider.invoke(TestNGProvider.java:137)
at org.apache.maven.surefire.booter.ForkedBooter.runSuitesInProcess(ForkedBooter.java:385)
at org.apache.maven.surefire.booter.ForkedBooter.execute(ForkedBooter.java:162)
at org.apache.maven.surefire.booter.ForkedBooter.run(ForkedBooter.java:507)
at org.apache.maven.surefire.booter.ForkedBooter.main(ForkedBooter.java:495)
]]>
            </full-stacktrace>
          </exception> <!-- java.lang.AssertionError -->
          <reporter-output>
          </reporter-output>
        </test-method> <!-- testShoppingCart -->
        <test-method is-config="true" signature="tearDown(java.lang.reflect.Method)[pri:0, instance:tests.EcommerceTests@ef9296d]" started-at="2026-01-10T18:24:59 CET" name="tearDown" finished-at="2026-01-10T18:24:59 CET" duration-ms="2" status="PASS">
          <params>
            <param index="0">
              <value>
                <![CDATA[public void tests.EcommerceTests.testShoppingCart()]]>
              </value>
            </param>
          </params>
          <reporter-output>
          </reporter-output>
        </test-method> <!-- tearDown -->
        <test-method is-config="true" signature="tearDownSuite()[pri:0, instance:tests.EcommerceTests@ef9296d]" started-at="2026-01-10T18:24:59 CET" name="tearDownSuite" finished-at="2026-01-10T18:24:59 CET" duration-ms="448" status="PASS">
          <reporter-output>
          </reporter-output>
        </test-method> <!-- tearDownSuite -->
      </class> <!-- tests.EcommerceTests -->
    </test> <!-- Surefire test -->
  </suite> <!-- Surefire suite -->
</testng-results>
