<?xml version="1.0" encoding="UTF-8"?>
<testsuite xmlns:xsi="http://www.w3.org/2001/XMLSchema-instance" xsi:noNamespaceSchemaLocation="https://maven.apache.org/surefire/maven-surefire-plugin/xsd/surefire-test-report-3.0.xsd" version="3.0" name="TestSuite" time="335.87" tests="8" errors="0" skipped="1" failures="1">
  <properties>
[...]
</properties>
  <testcase name="testCreateAccount" classname="tests.AuthenticationTests" time="8.29">
    <system-err><![CDATA[[main] INFO io.github.bonigarcia.wdm.WebDriverManager - Using chromedriver 143.0.7499.192 (resolved driver for Chrome 143)
[main] INFO io.github.bonigarcia.wdm.WebDriverManager - Exporting webdriver.chrome.driver as C:\Users\USER\.cache\selenium\chromedriver\win64\143.0.7499.192\chromedriver.exe
Jan 10, 2026 5:48:18 PM org.openqa.selenium.devtools.CdpVersionFinder findNearestMatch
WARNING: Unable to find CDP implementation matching 143
Jan 10, 2026 5:48:18 PM org.openqa.selenium.chromium.ChromiumDriver lambda$new$5
WARNING: Unable to find version of CDP to use for 143.0.7499.170. You may need to include a dependency on a specific version of the CDP using something similar to `org.seleniumhq.selenium:selenium-devtools-v86:4.16.1` where the version ("v86") matches the version of the chromium-based browser you're using and the version number of the artifact is the same as Selenium's.
]]></system-err>
  </testcase>
  <testcase name="testSignIn" classname="tests.AuthenticationTests" time="7.875">
    <system-err><![CDATA[[main] INFO io.github.bonigarcia.wdm.WebDriverManager - Using chromedriver 143.0.7499.192 (resolved driver for Chrome 143)
[main] INFO io.github.bonigarcia.wdm.WebDriverManager - Exporting webdriver.chrome.driver as C:\Users\USER\.cache\selenium\chromedriver\win64\143.0.7499.192\chromedriver.exe
Jan 10, 2026 5:48:34 PM org.openqa.selenium.devtools.CdpVersionFinder findNearestMatch
WARNING: Unable to find CDP implementation matching 143
Jan 10, 2026 5:48:34 PM org.openqa.selenium.chromium.ChromiumDriver lambda$new$5
WARNING: Unable to find version of CDP to use for 143.0.7499.170. You may need to include a dependency on a specific version of the CDP using something similar to `org.seleniumhq.selenium:selenium-devtools-v86:4.16.1` where the version ("v86") matches the version of the chromium-based browser you're using and the version number of the artifact is the same as Selenium's.
]]></system-err>
  </testcase>
  <testcase name="testCheckHoverStyle" classname="tests.EcommerceTests" time="4.19">
    <system-err><![CDATA[[main] INFO io.github.bonigarcia.wdm.WebDriverManager - Using chromedriver 143.0.7499.192 (resolved driver for Chrome 143)
[main] INFO io.github.bonigarcia.wdm.WebDriverManager - Exporting webdriver.chrome.driver as C:\Users\USER\.cache\selenium\chromedriver\win64\143.0.7499.192\chromedriver.exe
Jan 10, 2026 5:48:51 PM org.openqa.selenium.devtools.CdpVersionFinder findNearestMatch
WARNING: Unable to find CDP implementation matching 143
Jan 10, 2026 5:48:51 PM org.openqa.selenium.chromium.ChromiumDriver lambda$new$5
WARNING: Unable to find version of CDP to use for 143.0.7499.170. You may need to include a dependency on a specific version of the CDP using something similar to `org.seleniumhq.selenium:selenium-devtools-v86:4.16.1` where the version ("v86") matches the version of the chromium-based browser you're using and the version number of the artifact is the same as Selenium's.
]]></system-err>
  </testcase>
  <testcase name="testCheckSaleProductsStyle" classname="tests.EcommerceTests" time="3.988">
    <system-out><![CDATA[Final price color: rgba(51, 153, 204, 1), textDecoration: none
Final price color: rgba(51, 153, 204, 1), textDecoration: none
Final price color: rgba(51, 153, 204, 1), textDecoration: none
Final price color: rgba(51, 153, 204, 1), textDecoration: none
]]></system-out>
    <system-err><![CDATA[[main] INFO io.github.bonigarcia.wdm.WebDriverManager - Using chromedriver 143.0.7499.192 (resolved driver for Chrome 143)
[main] INFO io.github.bonigarcia.wdm.WebDriverManager - Exporting webdriver.chrome.driver as C:\Users\USER\.cache\selenium\chromedriver\win64\143.0.7499.192\chromedriver.exe
Jan 10, 2026 5:49:07 PM org.openqa.selenium.devtools.CdpVersionFinder findNearestMatch
WARNING: Unable to find CDP implementation matching 143
Jan 10, 2026 5:49:07 PM org.openqa.selenium.chromium.ChromiumDriver lambda$new$5
WARNING: Unable to find version of CDP to use for 143.0.7499.170. You may need to include a dependency on a specific version of the CDP using something similar to `org.seleniumhq.selenium:selenium-devtools-v86:4.16.1` where the version ("v86") matches the version of the chromium-based browser you're using and the version number of the artifact is the same as Selenium's.
]]></system-err>
  </testcase>
  <testcase name="testCheckPageFilters" classname="tests.EcommerceTests" time="43.45">
    <system-out><![CDATA[Found 9 color filter options
Checking color option: Black
Found matching color: Black, href: https://ecommerce.tealiumdemo.com/men.html?color=20
Clicked color filter using JavaScript: Black
Color filter applied, new URL: https://ecommerce.tealiumdemo.com/men.html?color=20
Products reloaded after color filter, found 3 products
Product 0 has filter-match color swatch
Product 1 has filter-match color swatch
Product 2 has filter-match color swatch
Found 1 price filter options
Clicking price filter: $70.00 and above (3)
Price filter href: https://ecommerce.tealiumdemo.com/men.html?color=20&price=70-
Target URL for navigation: https://ecommerce.tealiumdemo.com/men.html?color=20&price=70-
Current URL before price filter: https://ecommerce.tealiumdemo.com/men.html?color=20
Current body class:  catalog-category-view categorypath-men-html category-men
Clicked price filter using JavaScript
URL successfully changed to: https://ecommerce.tealiumdemo.com/men.html?color=20&price=70-
Products reloaded, found 3 products
Product 0 price: $75.0 (range: $0.0 - $99.99)
Product 1 price: $75.0 (range: $0.0 - $99.99)
Product 2 price: $75.0 (range: $0.0 - $99.99)
]]></system-out>
    <system-err><![CDATA[[main] INFO io.github.bonigarcia.wdm.WebDriverManager - Using chromedriver 143.0.7499.192 (resolved driver for Chrome 143)
[main] INFO io.github.bonigarcia.wdm.WebDriverManager - Exporting webdriver.chrome.driver as C:\Users\USER\.cache\selenium\chromedriver\win64\143.0.7499.192\chromedriver.exe
Jan 10, 2026 5:49:24 PM org.openqa.selenium.devtools.CdpVersionFinder findNearestMatch
WARNING: Unable to find CDP implementation matching 143
Jan 10, 2026 5:49:24 PM org.openqa.selenium.chromium.ChromiumDriver lambda$new$5
WARNING: Unable to find version of CDP to use for 143.0.7499.170. You may need to include a dependency on a specific version of the CDP using something similar to `org.seleniumhq.selenium:selenium-devtools-v86:4.16.1` where the version ("v86") matches the version of the chromium-based browser you're using and the version number of the artifact is the same as Selenium's.
]]></system-err>
  </testcase>
  <testcase name="testCheckSorting" classname="tests.EcommerceTests" time="135.799">
    <system-out><![CDATA[Re-logging in to ensure fresh session before wishlist operations
Logged in successfully, navigating to women's page
Attempting to add product 0 to wishlist
Clicked wishlist link for product 0
Successfully added product 0 to wishlist
Navigating to wishlist to verify first item was added
Current URL: https://ecommerce.tealiumdemo.com/wishlist/index/index/wishlist_id/1933/
Wishlist currently has 1 items
Final wishlist count: 1 items
]]></system-out>
    <system-err><![CDATA[[main] INFO io.github.bonigarcia.wdm.WebDriverManager - Using chromedriver 143.0.7499.192 (resolved driver for Chrome 143)
[main] INFO io.github.bonigarcia.wdm.WebDriverManager - Exporting webdriver.chrome.driver as C:\Users\USER\.cache\selenium\chromedriver\win64\143.0.7499.192\chromedriver.exe
Jan 10, 2026 5:50:21 PM org.openqa.selenium.devtools.CdpVersionFinder findNearestMatch
WARNING: Unable to find CDP implementation matching 143
Jan 10, 2026 5:50:21 PM org.openqa.selenium.chromium.ChromiumDriver lambda$new$5
WARNING: Unable to find version of CDP to use for 143.0.7499.170. You may need to include a dependency on a specific version of the CDP using something similar to `org.seleniumhq.selenium:selenium-devtools-v86:4.16.1` where the version ("v86") matches the version of the chromium-based browser you're using and the version number of the artifact is the same as Selenium's.
]]></system-err>
  </testcase>
  <testcase name="testShoppingCart" classname="tests.EcommerceTests" time="60.421">
    <failure message="Shopping cart page should be loaded expected [true] but found [false]" type="java.lang.AssertionError"><![CDATA[java.lang.AssertionError: Shopping cart page should be loaded expected [true] but found [false]
	at org.testng.Assert.fail(Assert.java:111)
	at org.testng.Assert.failNotEquals(Assert.java:1578)
	at org.testng.Assert.assertTrue(Assert.java:57)
	at tests.EcommerceTests.testShoppingCart(EcommerceTests.java:590)
	at java.base/jdk.internal.reflect.NativeMethodAccessorImpl.invoke0(Native Method)
	at java.base/jdk.internal.reflect.NativeMethodAccessorImpl.invoke(NativeMethodAccessorImpl.java:77)
	at java.base/jdk.internal.reflect.DelegatingMethodAccessorImpl.invoke(DelegatingMethodAccessorImpl.java:43)
	at java.base/java.lang.reflect.Method.invoke(Method.java:568)
	at org.testng.internal.invokers.MethodInvocationHelper.invokeMethod(MethodInvocationHelper.java:139)
	at org.testng.internal.invokers.TestInvoker.invokeMethod(TestInvoker.java:664)
	at org.testng.internal.invokers.TestInvoker.invokeTestMethod(TestInvoker.java:227)
	at org.testng.internal.invokers.MethodRunner.runInSequence(MethodRunner.java:50)
	at org.testng.internal.invokers.TestInvoker$MethodInvocationAgent.invoke(TestInvoker.java:957)
	at org.testng.internal.invokers.TestInvoker.invokeTestMethods(TestInvoker.java:200)
	at org.testng.internal.invokers.TestMethodWorker.invokeTestMethods(TestMethodWorker.java:148)
	at org.testng.internal.invokers.TestMethodWorker.run(TestMethodWorker.java:128)
	at java.base/java.util.ArrayList.forEach(ArrayList.java:1511)
	at org.testng.TestRunner.privateRun(TestRunner.java:848)
	at org.testng.TestRunner.run(TestRunner.java:621)
	at org.testng.SuiteRunner.runTest(SuiteRunner.java:443)
	at org.testng.SuiteRunner.runSequentially(SuiteRunner.java:437)
	at org.testng.SuiteRunner.privateRun(SuiteRunner.java:397)
	at org.testng.SuiteRunner.run(SuiteRunner.java:336)
	at org.testng.SuiteRunnerWorker.runSuite(SuiteRunnerWorker.java:52)
	at org.testng.SuiteRunnerWorker.run(SuiteRunnerWorker.java:95)
	at org.testng.TestNG.runSuitesSequentially(TestNG.java:1280)
	at org.testng.TestNG.runSuitesLocally(TestNG.java:1200)
	at org.testng.TestNG.runSuites(TestNG.java:1114)
	at org.testng.TestNG.run(TestNG.java:1082)
	at org.apache.maven.surefire.testng.TestNGExecutor.run(TestNGExecutor.java:308)
	at org.apache.maven.surefire.testng.TestNGXmlTestSuite.execute(TestNGXmlTestSuite.java:71)
	at org.apache.maven.surefire.testng.TestNGProvider.invoke(TestNGProvider.java:113)
	at org.apache.maven.surefire.booter.ForkedBooter.runSuitesInProcess(ForkedBooter.java:385)
	at org.apache.maven.surefire.booter.ForkedBooter.execute(ForkedBooter.java:162)
	at org.apache.maven.surefire.booter.ForkedBooter.run(ForkedBooter.java:507)
	at org.apache.maven.surefire.booter.ForkedBooter.main(ForkedBooter.java:495)
]]></failure>
    <system-out><![CDATA[Preserving driver session after testCheckSorting
Reusing existing driver session for testShoppingCart
Skipping login for testShoppingCart to preserve session state
Wishlist has 1 items
Adding wishlist item to cart (remaining: 1)
Found wishlist item row
Clicked Add to Cart button using JavaScript
Current URL after add to cart: https://ecommerce.tealiumdemo.com/wishlist/index/configure/id/3414/
On product configure page - selecting options
Scrolled to Color/Size section
Found 2 color swatch links
Clicking color: Black
Successfully selected color: Black
Found 5 size swatch links
Clicking size: XS
Successfully selected size: XS
Selection status - Size: true, Color: true
Validation message found: * Required Fields
Add to Cart button - enabled: true, class: button btn-cart
Clicked Add to Cart button
URL before: https://ecommerce.tealiumdemo.com/wishlist/index/configure/id/3414/
URL after: https://ecommerce.tealiumdemo.com/wishlist/index/configure/id/3414/
WARNING: Still on product page after Add to Cart - item may not have been added
Validation errors found - skipping this product
  Error: Color: Black
  Error: Size: XS
  Error: * Required Fields
Skipping this item and returning to wishlist
Clicking shopping cart dropdown
Clicking View Cart link
After cart navigation, URL: https://ecommerce.tealiumdemo.com/wishlist/
Checking if shopping cart page loaded. Current URL: https://ecommerce.tealiumdemo.com/wishlist/
Page heading displayed: false
]]></system-out>
  </testcase>
  <testcase name="testEmptyShoppingCart" classname="tests.EcommerceTests" time="0.0">
    <skipped message="Method tests.EcommerceTests.testEmptyShoppingCart() on instance tests.EcommerceTests@74f0ea28 depends on not successfully finished methods &#10;[tests.EcommerceTests.testShoppingCart() on instance tests.EcommerceTests@74f0ea28]"/>
    <system-out><![CDATA[Preserving driver session after testShoppingCart
]]></system-out>
  </testcase>
</testsuite>