<?xml version="1.0" encoding="UTF-8"?>
<!-- Generated by org.testng.reporters.JUnitXMLReporter -->
<testsuite ignored="0" hostname="Altea" failures="0" tests="6" name="E-commerce Tests" time="214.268" errors="0" timestamp="2026-01-16T10:45:54 CET">
  <testcase classname="tests.EcommerceTests" name="testCheckHoverStyle" time="2.197"/>
  <testcase classname="tests.EcommerceTests" name="testCheckSaleProductsStyle" time="2.917"/>
  <testcase classname="tests.EcommerceTests" name="testCheckPageFilters" time="20.165"/>
  <testcase classname="tests.EcommerceTests" name="testCheckSorting" time="75.525"/>
  <testcase classname="tests.EcommerceTests" name="testShoppingCart" time="6.026"/>
  <testcase classname="tests.EcommerceTests" name="testEmptyShoppingCart" time="5.374"/>
</testsuite> <!-- E-commerce Tests -->
