<?xml version="1.0" encoding="UTF-8"?>
<!-- Generated by org.testng.reporters.JUnitXMLReporter -->
<testsuite ignored="0" hostname="Altea" failures="0" tests="6" name="E-commerce Tests" time="362.439" errors="0" timestamp="2026-01-10T22:42:56 CET">
  <testcase classname="tests.EcommerceTests" name="testCheckHoverStyle" time="4.978"/>
  <testcase classname="tests.EcommerceTests" name="testCheckSaleProductsStyle" time="5.17"/>
  <testcase classname="tests.EcommerceTests" name="testCheckPageFilters" time="44.204"/>
  <testcase classname="tests.EcommerceTests" name="testCheckSorting" time="135.821"/>
  <testcase classname="tests.EcommerceTests" name="testShoppingCart" time="84.755"/>
  <testcase classname="tests.EcommerceTests" name="testEmptyShoppingCart" time="43.853"/>
</testsuite> <!-- E-commerce Tests -->
