<?xml version="1.0" encoding="UTF-8"?>
<!-- Generated by org.testng.reporters.JUnitXMLReporter -->
<testsuite ignored="0" hostname="Altea" failures="0" tests="6" name="E-commerce Tests" time="255.984" errors="0" timestamp="2026-01-11T01:54:09 CET">
  <testcase classname="tests.EcommerceTests" name="testCheckHoverStyle" time="4.777"/>
  <testcase classname="tests.EcommerceTests" name="testCheckSaleProductsStyle" time="5.158"/>
  <testcase classname="tests.EcommerceTests" name="testCheckPageFilters" time="26.79"/>
  <testcase classname="tests.EcommerceTests" name="testCheckSorting" time="84.126"/>
  <testcase classname="tests.EcommerceTests" name="testShoppingCart" time="64.715"/>
  <testcase classname="tests.EcommerceTests" name="testEmptyShoppingCart" time="30.517"/>
</testsuite> <!-- E-commerce Tests -->
