<?xml version="1.0" encoding="UTF-8"?>
<!-- Generated by org.testng.reporters.JUnitXMLReporter -->
<testsuite ignored="0" hostname="Altea" failures="1" tests="6" name="E-commerce Tests" time="299.442" errors="0" timestamp="2026-01-10T17:53:49 CET">
  <testcase classname="tests.EcommerceTests" name="testCheckHoverStyle" time="4.19"/>
  <testcase classname="tests.EcommerceTests" name="testCheckSaleProductsStyle" time="3.987"/>
  <testcase classname="tests.EcommerceTests" name="testCheckPageFilters" time="43.451"/>
  <testcase classname="tests.EcommerceTests" name="testCheckSorting" time="135.8"/>
  <testcase classname="tests.EcommerceTests" name="testShoppingCart" time="60.417">
    <failure type="java.lang.AssertionError" message="Shopping cart page should be loaded expected [true] but found [false]">
      <![CDATA[java.lang.AssertionError: Shopping cart page should be loaded expected [true] but found [false]
at tests.EcommerceTests.testShoppingCart(EcommerceTests.java:590)
at java.base/java.util.ArrayList.forEach(ArrayList.java:1511)
... Removed 34 stack frames]]>
    </failure>
  </testcase> <!-- testShoppingCart -->
  <testcase classname="tests.EcommerceTests" name="testEmptyShoppingCart" time="0.0">
    <skipped/>
  </testcase> <!-- testEmptyShoppingCart -->
</testsuite> <!-- E-commerce Tests -->
