<?xml version="1.0" encoding="UTF-8"?>
<!-- Generated by org.testng.reporters.JUnitReportReporter -->
<testsuite hostname="Altea" failures="0" tests="6" name="tests.EcommerceTests" time="214.245" errors="0" timestamp="2026-01-16T10:45:55 CET" skipped="0">
  <testcase classname="tests.EcommerceTests" name="testCheckHoverStyle" time="27.685"/>
  <testcase classname="tests.EcommerceTests" name="testCheckSaleProductsStyle" time="28.760"/>
  <testcase classname="tests.EcommerceTests" name="testCheckPageFilters" time="27.520"/>
  <testcase classname="tests.EcommerceTests" name="testCheckSorting" time="99.637"/>
  <testcase classname="tests.EcommerceTests" name="testShoppingCart" time="6.460"/>
  <testcase classname="tests.EcommerceTests" name="testEmptyShoppingCart" time="24.183"/>
</testsuite> <!-- tests.EcommerceTests -->
