<?xml version="1.0" encoding="UTF-8"?>
<!-- Generated by org.testng.reporters.JUnitReportReporter -->
<testsuite hostname="Altea" failures="0" tests="6" name="tests.EcommerceTests" time="255.957" errors="0" timestamp="2026-01-11T01:54:10 CET" skipped="0">
  <testcase classname="tests.EcommerceTests" name="testCheckHoverStyle" time="8.360"/>
  <testcase classname="tests.EcommerceTests" name="testCheckSaleProductsStyle" time="13.865"/>
  <testcase classname="tests.EcommerceTests" name="testCheckPageFilters" time="35.957"/>
  <testcase classname="tests.EcommerceTests" name="testCheckSorting" time="91.513"/>
  <testcase classname="tests.EcommerceTests" name="testShoppingCart" time="72.207"/>
  <testcase classname="tests.EcommerceTests" name="testEmptyShoppingCart" time="34.055"/>
</testsuite> <!-- tests.EcommerceTests -->
